07-Dec-2024 20:01:37.048 INFO [main] org.apache.catalina.startup.VersionLoggerListener.log Server version name:   Apache Tomcat/10.1.30
07-Dec-2024 20:01:37.052 INFO [main] org.apache.catalina.startup.VersionLoggerListener.log Server built:          Sep 13 2024 20:26:16 UTC
07-Dec-2024 20:01:37.053 INFO [main] org.apache.catalina.startup.VersionLoggerListener.log Server version number: 10.1.30.0
07-Dec-2024 20:01:37.053 INFO [main] org.apache.catalina.startup.VersionLoggerListener.log OS Name:               Windows 10
07-Dec-2024 20:01:37.053 INFO [main] org.apache.catalina.startup.VersionLoggerListener.log OS Version:            10.0
07-Dec-2024 20:01:37.053 INFO [main] org.apache.catalina.startup.VersionLoggerListener.log Architecture:          amd64
07-Dec-2024 20:01:37.053 INFO [main] org.apache.catalina.startup.VersionLoggerListener.log Java Home:             C:\Program Files\Java\jdk-22
07-Dec-2024 20:01:37.053 INFO [main] org.apache.catalina.startup.VersionLoggerListener.log JVM Version:           22.0.2+9-70
07-Dec-2024 20:01:37.053 INFO [main] org.apache.catalina.startup.VersionLoggerListener.log JVM Vendor:            Oracle Corporation
07-Dec-2024 20:01:37.053 INFO [main] org.apache.catalina.startup.VersionLoggerListener.log CATALINA_BASE:         C:\Users\Usuario\Desktop\Documents\Aulas\Análise e Projeto de Sistemas\Sistema_de_Carona\TrabAPS
07-Dec-2024 20:01:37.054 INFO [main] org.apache.catalina.startup.VersionLoggerListener.log CATALINA_HOME:         C:\Users\Usuario\Documents\tomcat\apache-tomcat-10.1.30
07-Dec-2024 20:01:37.065 INFO [main] org.apache.catalina.startup.VersionLoggerListener.log Command line argument: --add-opens=java.base/java.lang=ALL-UNNAMED
07-Dec-2024 20:01:37.065 INFO [main] org.apache.catalina.startup.VersionLoggerListener.log Command line argument: --add-opens=java.base/java.io=ALL-UNNAMED
07-Dec-2024 20:01:37.065 INFO [main] org.apache.catalina.startup.VersionLoggerListener.log Command line argument: --add-opens=java.base/java.util=ALL-UNNAMED
07-Dec-2024 20:01:37.065 INFO [main] org.apache.catalina.startup.VersionLoggerListener.log Command line argument: --add-opens=java.base/java.util.concurrent=ALL-UNNAMED
07-Dec-2024 20:01:37.065 INFO [main] org.apache.catalina.startup.VersionLoggerListener.log Command line argument: --add-opens=java.rmi/sun.rmi.transport=ALL-UNNAMED
07-Dec-2024 20:01:37.065 INFO [main] org.apache.catalina.startup.VersionLoggerListener.log Command line argument: -Dcatalina.home=C:\Users\Usuario\Documents\tomcat\apache-tomcat-10.1.30
07-Dec-2024 20:01:37.065 INFO [main] org.apache.catalina.startup.VersionLoggerListener.log Command line argument: -Dcatalina.base=C:\Users\Usuario\Desktop\Documents\Aulas\Análise e Projeto de Sistemas\Sistema_de_Carona\TrabAPS
07-Dec-2024 20:01:37.066 INFO [main] org.apache.catalina.startup.VersionLoggerListener.log Command line argument: -Djava.io.tmpdir=C:\Users\Usuario\Desktop\Documents\Aulas\Análise e Projeto de Sistemas\Sistema_de_Carona\TrabAPS\temp
07-Dec-2024 20:01:37.066 INFO [main] org.apache.catalina.startup.VersionLoggerListener.log Command line argument: -Djava.util.logging.config.file=C:\Users\Usuario\Desktop\Documents\Aulas\Análise e Projeto de Sistemas\Sistema_de_Carona\TrabAPS\conf\logging.properties
07-Dec-2024 20:01:37.066 INFO [main] org.apache.catalina.startup.VersionLoggerListener.log Command line argument: -Djava.util.logging.manager=org.apache.juli.ClassLoaderLogManager
07-Dec-2024 20:01:37.066 INFO [main] org.apache.catalina.startup.VersionLoggerListener.log Command line argument: -javaagent:C:\Program Files\JetBrains\IntelliJ IDEA 2024.2.3\lib\idea_rt.jar=62803:C:\Program Files\JetBrains\IntelliJ IDEA 2024.2.3\bin
07-Dec-2024 20:01:37.066 INFO [main] org.apache.catalina.startup.VersionLoggerListener.log Command line argument: -Dfile.encoding=UTF-8
07-Dec-2024 20:01:37.066 INFO [main] org.apache.catalina.startup.VersionLoggerListener.log Command line argument: -Dsun.stdout.encoding=UTF-8
07-Dec-2024 20:01:37.066 INFO [main] org.apache.catalina.startup.VersionLoggerListener.log Command line argument: -Dsun.stderr.encoding=UTF-8
07-Dec-2024 20:01:37.217 INFO [main] org.apache.catalina.core.AprLifecycleListener.lifecycleEvent Loaded Apache Tomcat Native library [2.0.8] using APR version [1.7.4].
07-Dec-2024 20:01:37.240 INFO [main] org.apache.catalina.core.AprLifecycleListener.initializeSSL OpenSSL successfully initialized [OpenSSL 3.0.14 4 Jun 2024]
07-Dec-2024 20:01:37.641 INFO [main] org.apache.coyote.AbstractProtocol.init Initializing ProtocolHandler ["http-nio-8080"]
07-Dec-2024 20:01:37.660 INFO [main] org.apache.catalina.startup.Catalina.load Server initialization in [985] milliseconds
07-Dec-2024 20:01:37.740 INFO [main] org.apache.catalina.core.StandardService.startInternal Starting service [Catalina]
07-Dec-2024 20:01:37.740 INFO [main] org.apache.catalina.core.StandardEngine.startInternal Starting Servlet engine: [Apache Tomcat/10.1.30]
07-Dec-2024 20:01:37.757 INFO [main] org.apache.catalina.startup.HostConfig.deployDescriptor Deploying deployment descriptor [C:\Users\Usuario\Desktop\Documents\Aulas\Análise e Projeto de Sistemas\Sistema_de_Carona\TrabAPS\conf\Catalina\localhost\ROOT.xml]
07-Dec-2024 20:01:44.307 INFO [main] org.apache.jasper.servlet.TldScanner.scanJars At least one JAR was scanned for TLDs yet contained no TLDs. Enable debug logging for this logger for a complete list of JARs that were scanned but no TLDs were found in them. Skipping unneeded JARs during scanning can improve startup time and JSP compilation time.
07-Dec-2024 20:01:44.480 INFO [main] org.apache.catalina.startup.HostConfig.deployDescriptor Deployment of deployment descriptor [C:\Users\Usuario\Desktop\Documents\Aulas\Análise e Projeto de Sistemas\Sistema_de_Carona\TrabAPS\conf\Catalina\localhost\ROOT.xml] has finished in [6,722] ms
07-Dec-2024 20:01:44.484 INFO [main] org.apache.coyote.AbstractProtocol.start Starting ProtocolHandler ["http-nio-8080"]
07-Dec-2024 20:01:44.508 INFO [main] org.apache.catalina.startup.Catalina.start Server startup in [6847] milliseconds
07-Dec-2024 20:27:05.571 INFO [Thread-1] org.apache.coyote.AbstractProtocol.pause Pausing ProtocolHandler ["http-nio-8080"]
07-Dec-2024 20:27:05.859 INFO [Thread-1] org.apache.catalina.core.StandardService.stopInternal Stopping service [Catalina]
07-Dec-2024 20:27:06.655 INFO [Thread-1] org.apache.coyote.AbstractProtocol.stop Stopping ProtocolHandler ["http-nio-8080"]
07-Dec-2024 20:27:06.720 INFO [Thread-1] org.apache.coyote.AbstractProtocol.destroy Destroying ProtocolHandler ["http-nio-8080"]
07-Dec-2024 21:59:36.089 INFO [main] org.apache.catalina.startup.VersionLoggerListener.log Server version name:   Apache Tomcat/10.1.30
07-Dec-2024 21:59:36.094 INFO [main] org.apache.catalina.startup.VersionLoggerListener.log Server built:          Sep 13 2024 20:26:16 UTC
07-Dec-2024 21:59:36.094 INFO [main] org.apache.catalina.startup.VersionLoggerListener.log Server version number: 10.1.30.0
07-Dec-2024 21:59:36.095 INFO [main] org.apache.catalina.startup.VersionLoggerListener.log OS Name:               Windows 10
07-Dec-2024 21:59:36.095 INFO [main] org.apache.catalina.startup.VersionLoggerListener.log OS Version:            10.0
07-Dec-2024 21:59:36.095 INFO [main] org.apache.catalina.startup.VersionLoggerListener.log Architecture:          amd64
07-Dec-2024 21:59:36.095 INFO [main] org.apache.catalina.startup.VersionLoggerListener.log Java Home:             C:\Program Files\Java\jdk-22
07-Dec-2024 21:59:36.095 INFO [main] org.apache.catalina.startup.VersionLoggerListener.log JVM Version:           22.0.2+9-70
07-Dec-2024 21:59:36.095 INFO [main] org.apache.catalina.startup.VersionLoggerListener.log JVM Vendor:            Oracle Corporation
07-Dec-2024 21:59:36.095 INFO [main] org.apache.catalina.startup.VersionLoggerListener.log CATALINA_BASE:         C:\Users\Usuario\Desktop\Documents\Aulas\Análise e Projeto de Sistemas\Sistema_de_Carona\TrabAPS
07-Dec-2024 21:59:36.095 INFO [main] org.apache.catalina.startup.VersionLoggerListener.log CATALINA_HOME:         C:\Users\Usuario\Documents\tomcat\apache-tomcat-10.1.30
07-Dec-2024 21:59:36.106 INFO [main] org.apache.catalina.startup.VersionLoggerListener.log Command line argument: --add-opens=java.base/java.lang=ALL-UNNAMED
07-Dec-2024 21:59:36.106 INFO [main] org.apache.catalina.startup.VersionLoggerListener.log Command line argument: --add-opens=java.base/java.io=ALL-UNNAMED
07-Dec-2024 21:59:36.107 INFO [main] org.apache.catalina.startup.VersionLoggerListener.log Command line argument: --add-opens=java.base/java.util=ALL-UNNAMED
07-Dec-2024 21:59:36.107 INFO [main] org.apache.catalina.startup.VersionLoggerListener.log Command line argument: --add-opens=java.base/java.util.concurrent=ALL-UNNAMED
07-Dec-2024 21:59:36.107 INFO [main] org.apache.catalina.startup.VersionLoggerListener.log Command line argument: --add-opens=java.rmi/sun.rmi.transport=ALL-UNNAMED
07-Dec-2024 21:59:36.107 INFO [main] org.apache.catalina.startup.VersionLoggerListener.log Command line argument: -Dcatalina.home=C:\Users\Usuario\Documents\tomcat\apache-tomcat-10.1.30
07-Dec-2024 21:59:36.107 INFO [main] org.apache.catalina.startup.VersionLoggerListener.log Command line argument: -Dcatalina.base=C:\Users\Usuario\Desktop\Documents\Aulas\Análise e Projeto de Sistemas\Sistema_de_Carona\TrabAPS
07-Dec-2024 21:59:36.107 INFO [main] org.apache.catalina.startup.VersionLoggerListener.log Command line argument: -Djava.io.tmpdir=C:\Users\Usuario\Desktop\Documents\Aulas\Análise e Projeto de Sistemas\Sistema_de_Carona\TrabAPS\temp
07-Dec-2024 21:59:36.107 INFO [main] org.apache.catalina.startup.VersionLoggerListener.log Command line argument: -Djava.util.logging.config.file=C:\Users\Usuario\Desktop\Documents\Aulas\Análise e Projeto de Sistemas\Sistema_de_Carona\TrabAPS\conf\logging.properties
07-Dec-2024 21:59:36.107 INFO [main] org.apache.catalina.startup.VersionLoggerListener.log Command line argument: -Djava.util.logging.manager=org.apache.juli.ClassLoaderLogManager
07-Dec-2024 21:59:36.107 INFO [main] org.apache.catalina.startup.VersionLoggerListener.log Command line argument: -javaagent:C:\Program Files\JetBrains\IntelliJ IDEA 2024.2.3\lib\idea_rt.jar=65115:C:\Program Files\JetBrains\IntelliJ IDEA 2024.2.3\bin
07-Dec-2024 21:59:36.107 INFO [main] org.apache.catalina.startup.VersionLoggerListener.log Command line argument: -Dfile.encoding=UTF-8
07-Dec-2024 21:59:36.107 INFO [main] org.apache.catalina.startup.VersionLoggerListener.log Command line argument: -Dsun.stdout.encoding=UTF-8
07-Dec-2024 21:59:36.108 INFO [main] org.apache.catalina.startup.VersionLoggerListener.log Command line argument: -Dsun.stderr.encoding=UTF-8
07-Dec-2024 21:59:36.120 INFO [main] org.apache.catalina.core.AprLifecycleListener.lifecycleEvent Loaded Apache Tomcat Native library [2.0.8] using APR version [1.7.4].
07-Dec-2024 21:59:36.166 INFO [main] org.apache.catalina.core.AprLifecycleListener.initializeSSL OpenSSL successfully initialized [OpenSSL 3.0.14 4 Jun 2024]
07-Dec-2024 21:59:36.589 INFO [main] org.apache.coyote.AbstractProtocol.init Initializing ProtocolHandler ["http-nio-8080"]
07-Dec-2024 21:59:36.612 INFO [main] org.apache.catalina.startup.Catalina.load Server initialization in [911] milliseconds
07-Dec-2024 21:59:36.682 INFO [main] org.apache.catalina.core.StandardService.startInternal Starting service [Catalina]
07-Dec-2024 21:59:36.682 INFO [main] org.apache.catalina.core.StandardEngine.startInternal Starting Servlet engine: [Apache Tomcat/10.1.30]
07-Dec-2024 21:59:36.699 INFO [main] org.apache.catalina.startup.HostConfig.deployDescriptor Deploying deployment descriptor [C:\Users\Usuario\Desktop\Documents\Aulas\Análise e Projeto de Sistemas\Sistema_de_Carona\TrabAPS\conf\Catalina\localhost\ROOT.xml]
07-Dec-2024 21:59:43.730 INFO [main] org.apache.jasper.servlet.TldScanner.scanJars At least one JAR was scanned for TLDs yet contained no TLDs. Enable debug logging for this logger for a complete list of JARs that were scanned but no TLDs were found in them. Skipping unneeded JARs during scanning can improve startup time and JSP compilation time.
07-Dec-2024 21:59:43.969 INFO [main] org.apache.catalina.startup.HostConfig.deployDescriptor Deployment of deployment descriptor [C:\Users\Usuario\Desktop\Documents\Aulas\Análise e Projeto de Sistemas\Sistema_de_Carona\TrabAPS\conf\Catalina\localhost\ROOT.xml] has finished in [7,270] ms
07-Dec-2024 21:59:43.975 INFO [main] org.apache.coyote.AbstractProtocol.start Starting ProtocolHandler ["http-nio-8080"]
07-Dec-2024 21:59:44.024 INFO [main] org.apache.catalina.startup.Catalina.start Server startup in [7410] milliseconds
07-Dec-2024 22:11:17.095 INFO [Thread-1] org.apache.coyote.AbstractProtocol.pause Pausing ProtocolHandler ["http-nio-8080"]
07-Dec-2024 22:11:17.100 INFO [Thread-1] org.apache.catalina.core.StandardService.stopInternal Stopping service [Catalina]
07-Dec-2024 22:11:17.119 INFO [Thread-1] org.apache.coyote.AbstractProtocol.stop Stopping ProtocolHandler ["http-nio-8080"]
07-Dec-2024 22:11:17.133 INFO [Thread-1] org.apache.coyote.AbstractProtocol.destroy Destroying ProtocolHandler ["http-nio-8080"]
07-Dec-2024 22:24:01.047 INFO [main] org.apache.catalina.startup.VersionLoggerListener.log Server version name:   Apache Tomcat/10.1.30
07-Dec-2024 22:24:01.052 INFO [main] org.apache.catalina.startup.VersionLoggerListener.log Server built:          Sep 13 2024 20:26:16 UTC
07-Dec-2024 22:24:01.052 INFO [main] org.apache.catalina.startup.VersionLoggerListener.log Server version number: 10.1.30.0
07-Dec-2024 22:24:01.053 INFO [main] org.apache.catalina.startup.VersionLoggerListener.log OS Name:               Windows 10
07-Dec-2024 22:24:01.053 INFO [main] org.apache.catalina.startup.VersionLoggerListener.log OS Version:            10.0
07-Dec-2024 22:24:01.053 INFO [main] org.apache.catalina.startup.VersionLoggerListener.log Architecture:          amd64
07-Dec-2024 22:24:01.053 INFO [main] org.apache.catalina.startup.VersionLoggerListener.log Java Home:             C:\Program Files\Java\jdk-22
07-Dec-2024 22:24:01.053 INFO [main] org.apache.catalina.startup.VersionLoggerListener.log JVM Version:           22.0.2+9-70
07-Dec-2024 22:24:01.053 INFO [main] org.apache.catalina.startup.VersionLoggerListener.log JVM Vendor:            Oracle Corporation
07-Dec-2024 22:24:01.053 INFO [main] org.apache.catalina.startup.VersionLoggerListener.log CATALINA_BASE:         C:\Users\Usuario\Desktop\Documents\Aulas\Análise e Projeto de Sistemas\Sistema_de_Carona\TrabAPS
07-Dec-2024 22:24:01.053 INFO [main] org.apache.catalina.startup.VersionLoggerListener.log CATALINA_HOME:         C:\Users\Usuario\Documents\tomcat\apache-tomcat-10.1.30
07-Dec-2024 22:24:01.065 INFO [main] org.apache.catalina.startup.VersionLoggerListener.log Command line argument: --add-opens=java.base/java.lang=ALL-UNNAMED
07-Dec-2024 22:24:01.066 INFO [main] org.apache.catalina.startup.VersionLoggerListener.log Command line argument: --add-opens=java.base/java.io=ALL-UNNAMED
07-Dec-2024 22:24:01.066 INFO [main] org.apache.catalina.startup.VersionLoggerListener.log Command line argument: --add-opens=java.base/java.util=ALL-UNNAMED
07-Dec-2024 22:24:01.066 INFO [main] org.apache.catalina.startup.VersionLoggerListener.log Command line argument: --add-opens=java.base/java.util.concurrent=ALL-UNNAMED
07-Dec-2024 22:24:01.066 INFO [main] org.apache.catalina.startup.VersionLoggerListener.log Command line argument: --add-opens=java.rmi/sun.rmi.transport=ALL-UNNAMED
07-Dec-2024 22:24:01.066 INFO [main] org.apache.catalina.startup.VersionLoggerListener.log Command line argument: -Dcatalina.home=C:\Users\Usuario\Documents\tomcat\apache-tomcat-10.1.30
07-Dec-2024 22:24:01.066 INFO [main] org.apache.catalina.startup.VersionLoggerListener.log Command line argument: -Dcatalina.base=C:\Users\Usuario\Desktop\Documents\Aulas\Análise e Projeto de Sistemas\Sistema_de_Carona\TrabAPS
07-Dec-2024 22:24:01.066 INFO [main] org.apache.catalina.startup.VersionLoggerListener.log Command line argument: -Djava.io.tmpdir=C:\Users\Usuario\Desktop\Documents\Aulas\Análise e Projeto de Sistemas\Sistema_de_Carona\TrabAPS\temp
07-Dec-2024 22:24:01.066 INFO [main] org.apache.catalina.startup.VersionLoggerListener.log Command line argument: -Djava.util.logging.config.file=C:\Users\Usuario\Desktop\Documents\Aulas\Análise e Projeto de Sistemas\Sistema_de_Carona\TrabAPS\conf\logging.properties
07-Dec-2024 22:24:01.067 INFO [main] org.apache.catalina.startup.VersionLoggerListener.log Command line argument: -Djava.util.logging.manager=org.apache.juli.ClassLoaderLogManager
07-Dec-2024 22:24:01.067 INFO [main] org.apache.catalina.startup.VersionLoggerListener.log Command line argument: -javaagent:C:\Program Files\JetBrains\IntelliJ IDEA 2024.2.3\lib\idea_rt.jar=49275:C:\Program Files\JetBrains\IntelliJ IDEA 2024.2.3\bin
07-Dec-2024 22:24:01.067 INFO [main] org.apache.catalina.startup.VersionLoggerListener.log Command line argument: -Dfile.encoding=UTF-8
07-Dec-2024 22:24:01.067 INFO [main] org.apache.catalina.startup.VersionLoggerListener.log Command line argument: -Dsun.stdout.encoding=UTF-8
07-Dec-2024 22:24:01.067 INFO [main] org.apache.catalina.startup.VersionLoggerListener.log Command line argument: -Dsun.stderr.encoding=UTF-8
07-Dec-2024 22:24:01.079 INFO [main] org.apache.catalina.core.AprLifecycleListener.lifecycleEvent Loaded Apache Tomcat Native library [2.0.8] using APR version [1.7.4].
07-Dec-2024 22:24:01.133 INFO [main] org.apache.catalina.core.AprLifecycleListener.initializeSSL OpenSSL successfully initialized [OpenSSL 3.0.14 4 Jun 2024]
07-Dec-2024 22:24:01.584 INFO [main] org.apache.coyote.AbstractProtocol.init Initializing ProtocolHandler ["http-nio-8080"]
07-Dec-2024 22:24:01.614 INFO [main] org.apache.catalina.startup.Catalina.load Server initialization in [963] milliseconds
07-Dec-2024 22:24:01.696 INFO [main] org.apache.catalina.core.StandardService.startInternal Starting service [Catalina]
07-Dec-2024 22:24:01.696 INFO [main] org.apache.catalina.core.StandardEngine.startInternal Starting Servlet engine: [Apache Tomcat/10.1.30]
07-Dec-2024 22:24:01.716 INFO [main] org.apache.catalina.startup.HostConfig.deployDescriptor Deploying deployment descriptor [C:\Users\Usuario\Desktop\Documents\Aulas\Análise e Projeto de Sistemas\Sistema_de_Carona\TrabAPS\conf\Catalina\localhost\ROOT.xml]
07-Dec-2024 22:24:09.097 INFO [main] org.apache.jasper.servlet.TldScanner.scanJars At least one JAR was scanned for TLDs yet contained no TLDs. Enable debug logging for this logger for a complete list of JARs that were scanned but no TLDs were found in them. Skipping unneeded JARs during scanning can improve startup time and JSP compilation time.
07-Dec-2024 22:24:09.350 INFO [main] org.apache.catalina.startup.HostConfig.deployDescriptor Deployment of deployment descriptor [C:\Users\Usuario\Desktop\Documents\Aulas\Análise e Projeto de Sistemas\Sistema_de_Carona\TrabAPS\conf\Catalina\localhost\ROOT.xml] has finished in [7,634] ms
07-Dec-2024 22:24:09.356 INFO [main] org.apache.coyote.AbstractProtocol.start Starting ProtocolHandler ["http-nio-8080"]
07-Dec-2024 22:24:09.383 INFO [main] org.apache.catalina.startup.Catalina.start Server startup in [7767] milliseconds
07-Dec-2024 23:54:43.761 INFO [Thread-1] org.apache.coyote.AbstractProtocol.pause Pausing ProtocolHandler ["http-nio-8080"]
07-Dec-2024 23:54:43.812 INFO [Thread-1] org.apache.catalina.core.StandardService.stopInternal Stopping service [Catalina]
07-Dec-2024 23:54:44.128 INFO [Thread-1] org.apache.coyote.AbstractProtocol.stop Stopping ProtocolHandler ["http-nio-8080"]
07-Dec-2024 23:54:44.161 INFO [Thread-1] org.apache.coyote.AbstractProtocol.destroy Destroying ProtocolHandler ["http-nio-8080"]
07-Dec-2024 23:57:21.057 INFO [main] org.apache.catalina.startup.VersionLoggerListener.log Server version name:   Apache Tomcat/10.1.30
07-Dec-2024 23:57:21.062 INFO [main] org.apache.catalina.startup.VersionLoggerListener.log Server built:          Sep 13 2024 20:26:16 UTC
07-Dec-2024 23:57:21.062 INFO [main] org.apache.catalina.startup.VersionLoggerListener.log Server version number: 10.1.30.0
07-Dec-2024 23:57:21.062 INFO [main] org.apache.catalina.startup.VersionLoggerListener.log OS Name:               Windows 10
07-Dec-2024 23:57:21.062 INFO [main] org.apache.catalina.startup.VersionLoggerListener.log OS Version:            10.0
07-Dec-2024 23:57:21.062 INFO [main] org.apache.catalina.startup.VersionLoggerListener.log Architecture:          amd64
07-Dec-2024 23:57:21.062 INFO [main] org.apache.catalina.startup.VersionLoggerListener.log Java Home:             C:\Program Files\Java\jdk-22
07-Dec-2024 23:57:21.062 INFO [main] org.apache.catalina.startup.VersionLoggerListener.log JVM Version:           22.0.2+9-70
07-Dec-2024 23:57:21.062 INFO [main] org.apache.catalina.startup.VersionLoggerListener.log JVM Vendor:            Oracle Corporation
07-Dec-2024 23:57:21.062 INFO [main] org.apache.catalina.startup.VersionLoggerListener.log CATALINA_BASE:         C:\Users\Usuario\Desktop\Documents\Aulas\Análise e Projeto de Sistemas\Sistema_de_Carona\TrabAPS
07-Dec-2024 23:57:21.063 INFO [main] org.apache.catalina.startup.VersionLoggerListener.log CATALINA_HOME:         C:\Users\Usuario\Documents\tomcat\apache-tomcat-10.1.30
07-Dec-2024 23:57:21.076 INFO [main] org.apache.catalina.startup.VersionLoggerListener.log Command line argument: --add-opens=java.base/java.lang=ALL-UNNAMED
07-Dec-2024 23:57:21.076 INFO [main] org.apache.catalina.startup.VersionLoggerListener.log Command line argument: --add-opens=java.base/java.io=ALL-UNNAMED
07-Dec-2024 23:57:21.077 INFO [main] org.apache.catalina.startup.VersionLoggerListener.log Command line argument: --add-opens=java.base/java.util=ALL-UNNAMED
07-Dec-2024 23:57:21.077 INFO [main] org.apache.catalina.startup.VersionLoggerListener.log Command line argument: --add-opens=java.base/java.util.concurrent=ALL-UNNAMED
07-Dec-2024 23:57:21.077 INFO [main] org.apache.catalina.startup.VersionLoggerListener.log Command line argument: --add-opens=java.rmi/sun.rmi.transport=ALL-UNNAMED
07-Dec-2024 23:57:21.077 INFO [main] org.apache.catalina.startup.VersionLoggerListener.log Command line argument: -Dcatalina.home=C:\Users\Usuario\Documents\tomcat\apache-tomcat-10.1.30
07-Dec-2024 23:57:21.077 INFO [main] org.apache.catalina.startup.VersionLoggerListener.log Command line argument: -Dcatalina.base=C:\Users\Usuario\Desktop\Documents\Aulas\Análise e Projeto de Sistemas\Sistema_de_Carona\TrabAPS
07-Dec-2024 23:57:21.077 INFO [main] org.apache.catalina.startup.VersionLoggerListener.log Command line argument: -Djava.io.tmpdir=C:\Users\Usuario\Desktop\Documents\Aulas\Análise e Projeto de Sistemas\Sistema_de_Carona\TrabAPS\temp
07-Dec-2024 23:57:21.077 INFO [main] org.apache.catalina.startup.VersionLoggerListener.log Command line argument: -Djava.util.logging.config.file=C:\Users\Usuario\Desktop\Documents\Aulas\Análise e Projeto de Sistemas\Sistema_de_Carona\TrabAPS\conf\logging.properties
07-Dec-2024 23:57:21.077 INFO [main] org.apache.catalina.startup.VersionLoggerListener.log Command line argument: -Djava.util.logging.manager=org.apache.juli.ClassLoaderLogManager
07-Dec-2024 23:57:21.077 INFO [main] org.apache.catalina.startup.VersionLoggerListener.log Command line argument: -javaagent:C:\Program Files\JetBrains\IntelliJ IDEA 2024.2.3\lib\idea_rt.jar=51468:C:\Program Files\JetBrains\IntelliJ IDEA 2024.2.3\bin
07-Dec-2024 23:57:21.078 INFO [main] org.apache.catalina.startup.VersionLoggerListener.log Command line argument: -Dfile.encoding=UTF-8
07-Dec-2024 23:57:21.078 INFO [main] org.apache.catalina.startup.VersionLoggerListener.log Command line argument: -Dsun.stdout.encoding=UTF-8
07-Dec-2024 23:57:21.078 INFO [main] org.apache.catalina.startup.VersionLoggerListener.log Command line argument: -Dsun.stderr.encoding=UTF-8
07-Dec-2024 23:57:21.089 INFO [main] org.apache.catalina.core.AprLifecycleListener.lifecycleEvent Loaded Apache Tomcat Native library [2.0.8] using APR version [1.7.4].
07-Dec-2024 23:57:21.137 INFO [main] org.apache.catalina.core.AprLifecycleListener.initializeSSL OpenSSL successfully initialized [OpenSSL 3.0.14 4 Jun 2024]
07-Dec-2024 23:57:21.578 INFO [main] org.apache.coyote.AbstractProtocol.init Initializing ProtocolHandler ["http-nio-8080"]
07-Dec-2024 23:57:21.622 INFO [main] org.apache.catalina.startup.Catalina.load Server initialization in [1028] milliseconds
07-Dec-2024 23:57:21.722 INFO [main] org.apache.catalina.core.StandardService.startInternal Starting service [Catalina]
07-Dec-2024 23:57:21.722 INFO [main] org.apache.catalina.core.StandardEngine.startInternal Starting Servlet engine: [Apache Tomcat/10.1.30]
07-Dec-2024 23:57:21.744 INFO [main] org.apache.catalina.startup.HostConfig.deployDescriptor Deploying deployment descriptor [C:\Users\Usuario\Desktop\Documents\Aulas\Análise e Projeto de Sistemas\Sistema_de_Carona\TrabAPS\conf\Catalina\localhost\ROOT.xml]
07-Dec-2024 23:57:30.238 INFO [main] org.apache.jasper.servlet.TldScanner.scanJars At least one JAR was scanned for TLDs yet contained no TLDs. Enable debug logging for this logger for a complete list of JARs that were scanned but no TLDs were found in them. Skipping unneeded JARs during scanning can improve startup time and JSP compilation time.
07-Dec-2024 23:57:30.497 INFO [main] org.apache.catalina.startup.HostConfig.deployDescriptor Deployment of deployment descriptor [C:\Users\Usuario\Desktop\Documents\Aulas\Análise e Projeto de Sistemas\Sistema_de_Carona\TrabAPS\conf\Catalina\localhost\ROOT.xml] has finished in [8,752] ms
07-Dec-2024 23:57:30.502 INFO [main] org.apache.coyote.AbstractProtocol.start Starting ProtocolHandler ["http-nio-8080"]
07-Dec-2024 23:57:30.559 INFO [main] org.apache.catalina.startup.Catalina.start Server startup in [8935] milliseconds
