08-Dec-2024 00:04:01.478 INFO [Thread-1] org.apache.coyote.AbstractProtocol.pause Pausing ProtocolHandler ["http-nio-8080"]
08-Dec-2024 00:04:01.486 INFO [Thread-1] org.apache.catalina.core.StandardService.stopInternal Stopping service [Catalina]
08-Dec-2024 00:04:01.587 INFO [Thread-1] org.apache.coyote.AbstractProtocol.stop Stopping ProtocolHandler ["http-nio-8080"]
08-Dec-2024 00:04:01.603 INFO [Thread-1] org.apache.coyote.AbstractProtocol.destroy Destroying ProtocolHandler ["http-nio-8080"]
08-Dec-2024 00:04:07.490 INFO [main] org.apache.catalina.startup.VersionLoggerListener.log Server version name:   Apache Tomcat/10.1.30
08-Dec-2024 00:04:07.499 INFO [main] org.apache.catalina.startup.VersionLoggerListener.log Server built:          Sep 13 2024 20:26:16 UTC
08-Dec-2024 00:04:07.500 INFO [main] org.apache.catalina.startup.VersionLoggerListener.log Server version number: 10.1.30.0
08-Dec-2024 00:04:07.500 INFO [main] org.apache.catalina.startup.VersionLoggerListener.log OS Name:               Windows 10
08-Dec-2024 00:04:07.500 INFO [main] org.apache.catalina.startup.VersionLoggerListener.log OS Version:            10.0
08-Dec-2024 00:04:07.500 INFO [main] org.apache.catalina.startup.VersionLoggerListener.log Architecture:          amd64
08-Dec-2024 00:04:07.500 INFO [main] org.apache.catalina.startup.VersionLoggerListener.log Java Home:             C:\Program Files\Java\jdk-22
08-Dec-2024 00:04:07.500 INFO [main] org.apache.catalina.startup.VersionLoggerListener.log JVM Version:           22.0.2+9-70
08-Dec-2024 00:04:07.500 INFO [main] org.apache.catalina.startup.VersionLoggerListener.log JVM Vendor:            Oracle Corporation
08-Dec-2024 00:04:07.500 INFO [main] org.apache.catalina.startup.VersionLoggerListener.log CATALINA_BASE:         C:\Users\Usuario\Desktop\Documents\Aulas\Análise e Projeto de Sistemas\Sistema_de_Carona\TrabAPS
08-Dec-2024 00:04:07.501 INFO [main] org.apache.catalina.startup.VersionLoggerListener.log CATALINA_HOME:         C:\Users\Usuario\Documents\tomcat\apache-tomcat-10.1.30
08-Dec-2024 00:04:07.513 INFO [main] org.apache.catalina.startup.VersionLoggerListener.log Command line argument: --add-opens=java.base/java.lang=ALL-UNNAMED
08-Dec-2024 00:04:07.514 INFO [main] org.apache.catalina.startup.VersionLoggerListener.log Command line argument: --add-opens=java.base/java.io=ALL-UNNAMED
08-Dec-2024 00:04:07.514 INFO [main] org.apache.catalina.startup.VersionLoggerListener.log Command line argument: --add-opens=java.base/java.util=ALL-UNNAMED
08-Dec-2024 00:04:07.514 INFO [main] org.apache.catalina.startup.VersionLoggerListener.log Command line argument: --add-opens=java.base/java.util.concurrent=ALL-UNNAMED
08-Dec-2024 00:04:07.514 INFO [main] org.apache.catalina.startup.VersionLoggerListener.log Command line argument: --add-opens=java.rmi/sun.rmi.transport=ALL-UNNAMED
08-Dec-2024 00:04:07.514 INFO [main] org.apache.catalina.startup.VersionLoggerListener.log Command line argument: -Dcatalina.home=C:\Users\Usuario\Documents\tomcat\apache-tomcat-10.1.30
08-Dec-2024 00:04:07.514 INFO [main] org.apache.catalina.startup.VersionLoggerListener.log Command line argument: -Dcatalina.base=C:\Users\Usuario\Desktop\Documents\Aulas\Análise e Projeto de Sistemas\Sistema_de_Carona\TrabAPS
08-Dec-2024 00:04:07.514 INFO [main] org.apache.catalina.startup.VersionLoggerListener.log Command line argument: -Djava.io.tmpdir=C:\Users\Usuario\Desktop\Documents\Aulas\Análise e Projeto de Sistemas\Sistema_de_Carona\TrabAPS\temp
08-Dec-2024 00:04:07.514 INFO [main] org.apache.catalina.startup.VersionLoggerListener.log Command line argument: -Djava.util.logging.config.file=C:\Users\Usuario\Desktop\Documents\Aulas\Análise e Projeto de Sistemas\Sistema_de_Carona\TrabAPS\conf\logging.properties
08-Dec-2024 00:04:07.514 INFO [main] org.apache.catalina.startup.VersionLoggerListener.log Command line argument: -Djava.util.logging.manager=org.apache.juli.ClassLoaderLogManager
08-Dec-2024 00:04:07.514 INFO [main] org.apache.catalina.startup.VersionLoggerListener.log Command line argument: -javaagent:C:\Program Files\JetBrains\IntelliJ IDEA 2024.2.3\lib\idea_rt.jar=51723:C:\Program Files\JetBrains\IntelliJ IDEA 2024.2.3\bin
08-Dec-2024 00:04:07.515 INFO [main] org.apache.catalina.startup.VersionLoggerListener.log Command line argument: -Dfile.encoding=UTF-8
08-Dec-2024 00:04:07.515 INFO [main] org.apache.catalina.startup.VersionLoggerListener.log Command line argument: -Dsun.stdout.encoding=UTF-8
08-Dec-2024 00:04:07.515 INFO [main] org.apache.catalina.startup.VersionLoggerListener.log Command line argument: -Dsun.stderr.encoding=UTF-8
08-Dec-2024 00:04:07.520 INFO [main] org.apache.catalina.core.AprLifecycleListener.lifecycleEvent Loaded Apache Tomcat Native library [2.0.8] using APR version [1.7.4].
08-Dec-2024 00:04:07.530 INFO [main] org.apache.catalina.core.AprLifecycleListener.initializeSSL OpenSSL successfully initialized [OpenSSL 3.0.14 4 Jun 2024]
08-Dec-2024 00:04:07.978 INFO [main] org.apache.coyote.AbstractProtocol.init Initializing ProtocolHandler ["http-nio-8080"]
08-Dec-2024 00:04:08.017 INFO [main] org.apache.catalina.startup.Catalina.load Server initialization in [994] milliseconds
08-Dec-2024 00:04:08.119 INFO [main] org.apache.catalina.core.StandardService.startInternal Starting service [Catalina]
08-Dec-2024 00:04:08.119 INFO [main] org.apache.catalina.core.StandardEngine.startInternal Starting Servlet engine: [Apache Tomcat/10.1.30]
08-Dec-2024 00:04:08.143 INFO [main] org.apache.catalina.startup.HostConfig.deployDescriptor Deploying deployment descriptor [C:\Users\Usuario\Desktop\Documents\Aulas\Análise e Projeto de Sistemas\Sistema_de_Carona\TrabAPS\conf\Catalina\localhost\ROOT.xml]
08-Dec-2024 00:04:17.212 INFO [main] org.apache.jasper.servlet.TldScanner.scanJars At least one JAR was scanned for TLDs yet contained no TLDs. Enable debug logging for this logger for a complete list of JARs that were scanned but no TLDs were found in them. Skipping unneeded JARs during scanning can improve startup time and JSP compilation time.
08-Dec-2024 00:04:17.488 INFO [main] org.apache.catalina.startup.HostConfig.deployDescriptor Deployment of deployment descriptor [C:\Users\Usuario\Desktop\Documents\Aulas\Análise e Projeto de Sistemas\Sistema_de_Carona\TrabAPS\conf\Catalina\localhost\ROOT.xml] has finished in [9,344] ms
08-Dec-2024 00:04:17.495 INFO [main] org.apache.coyote.AbstractProtocol.start Starting ProtocolHandler ["http-nio-8080"]
08-Dec-2024 00:04:17.526 INFO [main] org.apache.catalina.startup.Catalina.start Server startup in [9507] milliseconds
08-Dec-2024 00:07:31.481 INFO [Thread-1] org.apache.coyote.AbstractProtocol.pause Pausing ProtocolHandler ["http-nio-8080"]
08-Dec-2024 00:07:31.487 INFO [Thread-1] org.apache.catalina.core.StandardService.stopInternal Stopping service [Catalina]
08-Dec-2024 00:07:31.497 INFO [Thread-1] org.apache.coyote.AbstractProtocol.stop Stopping ProtocolHandler ["http-nio-8080"]
08-Dec-2024 00:07:31.499 INFO [Thread-1] org.apache.coyote.AbstractProtocol.destroy Destroying ProtocolHandler ["http-nio-8080"]
08-Dec-2024 00:18:59.271 INFO [main] org.apache.catalina.startup.VersionLoggerListener.log Server version name:   Apache Tomcat/10.1.30
08-Dec-2024 00:18:59.280 INFO [main] org.apache.catalina.startup.VersionLoggerListener.log Server built:          Sep 13 2024 20:26:16 UTC
08-Dec-2024 00:18:59.280 INFO [main] org.apache.catalina.startup.VersionLoggerListener.log Server version number: 10.1.30.0
08-Dec-2024 00:18:59.280 INFO [main] org.apache.catalina.startup.VersionLoggerListener.log OS Name:               Windows 10
08-Dec-2024 00:18:59.281 INFO [main] org.apache.catalina.startup.VersionLoggerListener.log OS Version:            10.0
08-Dec-2024 00:18:59.281 INFO [main] org.apache.catalina.startup.VersionLoggerListener.log Architecture:          amd64
08-Dec-2024 00:18:59.281 INFO [main] org.apache.catalina.startup.VersionLoggerListener.log Java Home:             C:\Program Files\Java\jdk-22
08-Dec-2024 00:18:59.281 INFO [main] org.apache.catalina.startup.VersionLoggerListener.log JVM Version:           22.0.2+9-70
08-Dec-2024 00:18:59.281 INFO [main] org.apache.catalina.startup.VersionLoggerListener.log JVM Vendor:            Oracle Corporation
08-Dec-2024 00:18:59.281 INFO [main] org.apache.catalina.startup.VersionLoggerListener.log CATALINA_BASE:         C:\Users\Usuario\Desktop\Documents\Aulas\Análise e Projeto de Sistemas\Sistema_de_Carona\TrabAPS
08-Dec-2024 00:18:59.282 INFO [main] org.apache.catalina.startup.VersionLoggerListener.log CATALINA_HOME:         C:\Users\Usuario\Documents\tomcat\apache-tomcat-10.1.30
08-Dec-2024 00:18:59.299 INFO [main] org.apache.catalina.startup.VersionLoggerListener.log Command line argument: --add-opens=java.base/java.lang=ALL-UNNAMED
08-Dec-2024 00:18:59.299 INFO [main] org.apache.catalina.startup.VersionLoggerListener.log Command line argument: --add-opens=java.base/java.io=ALL-UNNAMED
08-Dec-2024 00:18:59.299 INFO [main] org.apache.catalina.startup.VersionLoggerListener.log Command line argument: --add-opens=java.base/java.util=ALL-UNNAMED
08-Dec-2024 00:18:59.299 INFO [main] org.apache.catalina.startup.VersionLoggerListener.log Command line argument: --add-opens=java.base/java.util.concurrent=ALL-UNNAMED
08-Dec-2024 00:18:59.299 INFO [main] org.apache.catalina.startup.VersionLoggerListener.log Command line argument: --add-opens=java.rmi/sun.rmi.transport=ALL-UNNAMED
08-Dec-2024 00:18:59.299 INFO [main] org.apache.catalina.startup.VersionLoggerListener.log Command line argument: -Dcatalina.home=C:\Users\Usuario\Documents\tomcat\apache-tomcat-10.1.30
08-Dec-2024 00:18:59.299 INFO [main] org.apache.catalina.startup.VersionLoggerListener.log Command line argument: -Dcatalina.base=C:\Users\Usuario\Desktop\Documents\Aulas\Análise e Projeto de Sistemas\Sistema_de_Carona\TrabAPS
08-Dec-2024 00:18:59.300 INFO [main] org.apache.catalina.startup.VersionLoggerListener.log Command line argument: -Djava.io.tmpdir=C:\Users\Usuario\Desktop\Documents\Aulas\Análise e Projeto de Sistemas\Sistema_de_Carona\TrabAPS\temp
08-Dec-2024 00:18:59.300 INFO [main] org.apache.catalina.startup.VersionLoggerListener.log Command line argument: -Djava.util.logging.config.file=C:\Users\Usuario\Desktop\Documents\Aulas\Análise e Projeto de Sistemas\Sistema_de_Carona\TrabAPS\conf\logging.properties
08-Dec-2024 00:18:59.300 INFO [main] org.apache.catalina.startup.VersionLoggerListener.log Command line argument: -Djava.util.logging.manager=org.apache.juli.ClassLoaderLogManager
08-Dec-2024 00:18:59.300 INFO [main] org.apache.catalina.startup.VersionLoggerListener.log Command line argument: -javaagent:C:\Program Files\JetBrains\IntelliJ IDEA 2024.2.3\lib\idea_rt.jar=52061:C:\Program Files\JetBrains\IntelliJ IDEA 2024.2.3\bin
08-Dec-2024 00:18:59.300 INFO [main] org.apache.catalina.startup.VersionLoggerListener.log Command line argument: -Dfile.encoding=UTF-8
08-Dec-2024 00:18:59.300 INFO [main] org.apache.catalina.startup.VersionLoggerListener.log Command line argument: -Dsun.stdout.encoding=UTF-8
08-Dec-2024 00:18:59.300 INFO [main] org.apache.catalina.startup.VersionLoggerListener.log Command line argument: -Dsun.stderr.encoding=UTF-8
08-Dec-2024 00:18:59.314 INFO [main] org.apache.catalina.core.AprLifecycleListener.lifecycleEvent Loaded Apache Tomcat Native library [2.0.8] using APR version [1.7.4].
08-Dec-2024 00:18:59.385 INFO [main] org.apache.catalina.core.AprLifecycleListener.initializeSSL OpenSSL successfully initialized [OpenSSL 3.0.14 4 Jun 2024]
08-Dec-2024 00:19:00.362 INFO [main] org.apache.coyote.AbstractProtocol.init Initializing ProtocolHandler ["http-nio-8080"]
08-Dec-2024 00:19:00.385 INFO [main] org.apache.catalina.startup.Catalina.load Server initialization in [1474] milliseconds
08-Dec-2024 00:19:00.489 INFO [main] org.apache.catalina.core.StandardService.startInternal Starting service [Catalina]
08-Dec-2024 00:19:00.490 INFO [main] org.apache.catalina.core.StandardEngine.startInternal Starting Servlet engine: [Apache Tomcat/10.1.30]
08-Dec-2024 00:19:00.511 INFO [main] org.apache.catalina.startup.HostConfig.deployDescriptor Deploying deployment descriptor [C:\Users\Usuario\Desktop\Documents\Aulas\Análise e Projeto de Sistemas\Sistema_de_Carona\TrabAPS\conf\Catalina\localhost\ROOT.xml]
08-Dec-2024 00:19:14.455 INFO [main] org.apache.jasper.servlet.TldScanner.scanJars At least one JAR was scanned for TLDs yet contained no TLDs. Enable debug logging for this logger for a complete list of JARs that were scanned but no TLDs were found in them. Skipping unneeded JARs during scanning can improve startup time and JSP compilation time.
08-Dec-2024 00:19:14.725 INFO [main] org.apache.catalina.startup.HostConfig.deployDescriptor Deployment of deployment descriptor [C:\Users\Usuario\Desktop\Documents\Aulas\Análise e Projeto de Sistemas\Sistema_de_Carona\TrabAPS\conf\Catalina\localhost\ROOT.xml] has finished in [14,214] ms
08-Dec-2024 00:19:14.731 INFO [main] org.apache.coyote.AbstractProtocol.start Starting ProtocolHandler ["http-nio-8080"]
08-Dec-2024 00:19:14.779 INFO [main] org.apache.catalina.startup.Catalina.start Server startup in [14392] milliseconds
08-Dec-2024 01:05:20.583 INFO [Thread-1] org.apache.coyote.AbstractProtocol.pause Pausing ProtocolHandler ["http-nio-8080"]
08-Dec-2024 01:05:20.634 INFO [Thread-1] org.apache.catalina.core.StandardService.stopInternal Stopping service [Catalina]
08-Dec-2024 01:05:20.899 INFO [Thread-1] org.apache.coyote.AbstractProtocol.stop Stopping ProtocolHandler ["http-nio-8080"]
08-Dec-2024 01:05:20.918 INFO [Thread-1] org.apache.coyote.AbstractProtocol.destroy Destroying ProtocolHandler ["http-nio-8080"]
08-Dec-2024 01:05:45.936 INFO [main] org.apache.catalina.startup.VersionLoggerListener.log Server version name:   Apache Tomcat/10.1.30
08-Dec-2024 01:05:45.941 INFO [main] org.apache.catalina.startup.VersionLoggerListener.log Server built:          Sep 13 2024 20:26:16 UTC
08-Dec-2024 01:05:45.941 INFO [main] org.apache.catalina.startup.VersionLoggerListener.log Server version number: 10.1.30.0
08-Dec-2024 01:05:45.941 INFO [main] org.apache.catalina.startup.VersionLoggerListener.log OS Name:               Windows 10
08-Dec-2024 01:05:45.941 INFO [main] org.apache.catalina.startup.VersionLoggerListener.log OS Version:            10.0
08-Dec-2024 01:05:45.941 INFO [main] org.apache.catalina.startup.VersionLoggerListener.log Architecture:          amd64
08-Dec-2024 01:05:45.941 INFO [main] org.apache.catalina.startup.VersionLoggerListener.log Java Home:             C:\Program Files\Java\jdk-22
08-Dec-2024 01:05:45.941 INFO [main] org.apache.catalina.startup.VersionLoggerListener.log JVM Version:           22.0.2+9-70
08-Dec-2024 01:05:45.941 INFO [main] org.apache.catalina.startup.VersionLoggerListener.log JVM Vendor:            Oracle Corporation
08-Dec-2024 01:05:45.942 INFO [main] org.apache.catalina.startup.VersionLoggerListener.log CATALINA_BASE:         C:\Users\Usuario\Desktop\Documents\Aulas\Análise e Projeto de Sistemas\Sistema_de_Carona\TrabAPS
08-Dec-2024 01:05:45.942 INFO [main] org.apache.catalina.startup.VersionLoggerListener.log CATALINA_HOME:         C:\Users\Usuario\Documents\tomcat\apache-tomcat-10.1.30
08-Dec-2024 01:05:45.955 INFO [main] org.apache.catalina.startup.VersionLoggerListener.log Command line argument: --add-opens=java.base/java.lang=ALL-UNNAMED
08-Dec-2024 01:05:45.956 INFO [main] org.apache.catalina.startup.VersionLoggerListener.log Command line argument: --add-opens=java.base/java.io=ALL-UNNAMED
08-Dec-2024 01:05:45.956 INFO [main] org.apache.catalina.startup.VersionLoggerListener.log Command line argument: --add-opens=java.base/java.util=ALL-UNNAMED
08-Dec-2024 01:05:45.956 INFO [main] org.apache.catalina.startup.VersionLoggerListener.log Command line argument: --add-opens=java.base/java.util.concurrent=ALL-UNNAMED
08-Dec-2024 01:05:45.956 INFO [main] org.apache.catalina.startup.VersionLoggerListener.log Command line argument: --add-opens=java.rmi/sun.rmi.transport=ALL-UNNAMED
08-Dec-2024 01:05:45.956 INFO [main] org.apache.catalina.startup.VersionLoggerListener.log Command line argument: -Dcatalina.home=C:\Users\Usuario\Documents\tomcat\apache-tomcat-10.1.30
08-Dec-2024 01:05:45.956 INFO [main] org.apache.catalina.startup.VersionLoggerListener.log Command line argument: -Dcatalina.base=C:\Users\Usuario\Desktop\Documents\Aulas\Análise e Projeto de Sistemas\Sistema_de_Carona\TrabAPS
08-Dec-2024 01:05:45.956 INFO [main] org.apache.catalina.startup.VersionLoggerListener.log Command line argument: -Djava.io.tmpdir=C:\Users\Usuario\Desktop\Documents\Aulas\Análise e Projeto de Sistemas\Sistema_de_Carona\TrabAPS\temp
08-Dec-2024 01:05:45.956 INFO [main] org.apache.catalina.startup.VersionLoggerListener.log Command line argument: -Djava.util.logging.config.file=C:\Users\Usuario\Desktop\Documents\Aulas\Análise e Projeto de Sistemas\Sistema_de_Carona\TrabAPS\conf\logging.properties
08-Dec-2024 01:05:45.956 INFO [main] org.apache.catalina.startup.VersionLoggerListener.log Command line argument: -Djava.util.logging.manager=org.apache.juli.ClassLoaderLogManager
08-Dec-2024 01:05:45.956 INFO [main] org.apache.catalina.startup.VersionLoggerListener.log Command line argument: -javaagent:C:\Program Files\JetBrains\IntelliJ IDEA 2024.2.3\lib\idea_rt.jar=53065:C:\Program Files\JetBrains\IntelliJ IDEA 2024.2.3\bin
08-Dec-2024 01:05:45.956 INFO [main] org.apache.catalina.startup.VersionLoggerListener.log Command line argument: -Dfile.encoding=UTF-8
08-Dec-2024 01:05:45.956 INFO [main] org.apache.catalina.startup.VersionLoggerListener.log Command line argument: -Dsun.stdout.encoding=UTF-8
08-Dec-2024 01:05:45.957 INFO [main] org.apache.catalina.startup.VersionLoggerListener.log Command line argument: -Dsun.stderr.encoding=UTF-8
08-Dec-2024 01:05:45.964 INFO [main] org.apache.catalina.core.AprLifecycleListener.lifecycleEvent Loaded Apache Tomcat Native library [2.0.8] using APR version [1.7.4].
08-Dec-2024 01:05:45.976 INFO [main] org.apache.catalina.core.AprLifecycleListener.initializeSSL OpenSSL successfully initialized [OpenSSL 3.0.14 4 Jun 2024]
08-Dec-2024 01:05:46.415 INFO [main] org.apache.coyote.AbstractProtocol.init Initializing ProtocolHandler ["http-nio-8080"]
08-Dec-2024 01:05:46.438 INFO [main] org.apache.catalina.startup.Catalina.load Server initialization in [871] milliseconds
08-Dec-2024 01:05:46.540 INFO [main] org.apache.catalina.core.StandardService.startInternal Starting service [Catalina]
08-Dec-2024 01:05:46.540 INFO [main] org.apache.catalina.core.StandardEngine.startInternal Starting Servlet engine: [Apache Tomcat/10.1.30]
08-Dec-2024 01:05:46.559 INFO [main] org.apache.catalina.startup.HostConfig.deployDescriptor Deploying deployment descriptor [C:\Users\Usuario\Desktop\Documents\Aulas\Análise e Projeto de Sistemas\Sistema_de_Carona\TrabAPS\conf\Catalina\localhost\ROOT.xml]
08-Dec-2024 01:05:53.328 INFO [main] org.apache.jasper.servlet.TldScanner.scanJars At least one JAR was scanned for TLDs yet contained no TLDs. Enable debug logging for this logger for a complete list of JARs that were scanned but no TLDs were found in them. Skipping unneeded JARs during scanning can improve startup time and JSP compilation time.
08-Dec-2024 01:05:53.578 INFO [main] org.apache.catalina.startup.HostConfig.deployDescriptor Deployment of deployment descriptor [C:\Users\Usuario\Desktop\Documents\Aulas\Análise e Projeto de Sistemas\Sistema_de_Carona\TrabAPS\conf\Catalina\localhost\ROOT.xml] has finished in [7,019] ms
08-Dec-2024 01:05:53.582 INFO [main] org.apache.coyote.AbstractProtocol.start Starting ProtocolHandler ["http-nio-8080"]
08-Dec-2024 01:05:53.609 INFO [main] org.apache.catalina.startup.Catalina.start Server startup in [7171] milliseconds
08-Dec-2024 01:12:29.439 INFO [Thread-1] org.apache.coyote.AbstractProtocol.pause Pausing ProtocolHandler ["http-nio-8080"]
08-Dec-2024 01:12:29.444 INFO [Thread-1] org.apache.catalina.core.StandardService.stopInternal Stopping service [Catalina]
08-Dec-2024 01:12:29.462 INFO [Thread-1] org.apache.coyote.AbstractProtocol.stop Stopping ProtocolHandler ["http-nio-8080"]
08-Dec-2024 01:12:29.476 INFO [Thread-1] org.apache.coyote.AbstractProtocol.destroy Destroying ProtocolHandler ["http-nio-8080"]
